<?xml version="1.0" encoding="UTF-8"?>
<!-- Generated by org.testng.reporters.JUnitReportReporter -->
<testsuite skipped="0" hostname="giang-All-Series" name="com.codelovers.timeset.admin.A2AddPostPage" tests="1" failures="0" timestamp="08 Jun 2017 04:33:39 GMT" time="43.219" errors="0">
  <testcase name="A2_TC05" time="43.219" classname="com.codelovers.timeset.admin.A2AddPostPage"/>
</testsuite> <!-- com.codelovers.timeset.admin.A2AddPostPage -->
