<?xml version="1.0" encoding="UTF-8"?>
<!-- Generated by org.testng.reporters.JUnitReportReporter -->
<testsuite skipped="0" hostname="GiangNguyen" name="com.codelovers.timeset.admin.A2AddPostPage" tests="3" failures="0" timestamp="05 Apr 2017 08:25:51 GMT" time="28.094" errors="0">
  <testcase name="A2_TC01" time="9.649" classname="com.codelovers.timeset.admin.A2AddPostPage"/>
  <testcase name="A2_TC03" time="8.683" classname="com.codelovers.timeset.admin.A2AddPostPage"/>
  <testcase name="A2_TC02" time="9.762" classname="com.codelovers.timeset.admin.A2AddPostPage"/>
</testsuite> <!-- com.codelovers.timeset.admin.A2AddPostPage -->
