<?xml version="1.0" encoding="UTF-8"?>
<!-- Generated by org.testng.reporters.JUnitReportReporter -->
<testsuite skipped="0" hostname="GiangNguyen" name="com.codelovers.timeset.admin.CampaignPointPage" tests="1" failures="0" timestamp="14 Apr 2017 07:52:20 GMT" time="1.207" errors="0">
  <testcase name="PHP_TC01" time="1.207" classname="com.codelovers.timeset.admin.CampaignPointPage"/>
</testsuite> <!-- com.codelovers.timeset.admin.CampaignPointPage -->
