<?xml version="1.0" encoding="UTF-8"?>
<!-- Generated by org.testng.reporters.JUnitReportReporter -->
<testsuite skipped="0" hostname="GiangNguyen" name="com.codelovers.timeset.frontend.LoginPage" tests="1" failures="0" timestamp="14 Apr 2017 04:31:14 GMT" time="3.571" errors="0">
  <testcase name="LG_UI_01" time="3.571" classname="com.codelovers.timeset.frontend.LoginPage"/>
</testsuite> <!-- com.codelovers.timeset.frontend.LoginPage -->
