<?xml version="1.0" encoding="UTF-8"?>
<!-- Generated by org.testng.reporters.JUnitReportReporter -->
<testsuite skipped="0" hostname="giang-All-Series" name="com.codelovers.timeset.admin.A1ArticleListPage" tests="1" failures="0" timestamp="08 Jun 2017 04:58:30 GMT" time="40.087" errors="0">
  <testcase name="A1_TC01" time="40.087" classname="com.codelovers.timeset.admin.A1ArticleListPage"/>
</testsuite> <!-- com.codelovers.timeset.admin.A1ArticleListPage -->
