<?xml version="1.0" encoding="UTF-8"?>
<!-- Generated by org.testng.reporters.JUnitReportReporter -->
<testsuite skipped="0" hostname="GiangNguyen" name="com.codelovers.timeset.admin.A2AddPostPage" tests="2" failures="0" timestamp="04 Apr 2017 09:07:50 GMT" time="20.804" errors="0">
  <testcase name="A2_TC01" time="8.880" classname="com.codelovers.timeset.admin.A2AddPostPage"/>
  <testcase name="A2_TC02" time="11.924" classname="com.codelovers.timeset.admin.A2AddPostPage"/>
</testsuite> <!-- com.codelovers.timeset.admin.A2AddPostPage -->
