<?xml version="1.0" encoding="UTF-8"?>
<!-- Generated by org.testng.reporters.JUnitReportReporter -->
<testsuite skipped="0" hostname="giang-All-Series" name="com.codelovers.timeset.frontend.LogInPage" tests="1" failures="0" timestamp="19 Jul 2017 04:20:55 GMT" time="0.715" errors="0">
  <testcase name="TC_001" time="0.715" classname="com.codelovers.timeset.frontend.LogInPage"/>
</testsuite> <!-- com.codelovers.timeset.frontend.LogInPage -->
