<?xml version="1.0" encoding="UTF-8"?>
<!-- Generated by org.testng.reporters.JUnitReportReporter -->
<testsuite skipped="0" hostname="giang-All-Series" name="com.codelovers.timeset.frontend.logInTimeset" tests="1" failures="0" timestamp="19 Jul 2017 07:39:30 GMT" time="14.748" errors="0">
  <testcase name="TC_001" time="14.748" classname="com.codelovers.timeset.frontend.logInTimeset"/>
</testsuite> <!-- com.codelovers.timeset.frontend.logInTimeset -->
